  discord_rpc.cpp
  rpc_connection.cpp
  serialization.cpp
  connection_win.cpp
C:\Program Files (x86)\Windows Kits\10\Include\10.0.22621.0\um\winbase.h(7810,5): warning C5039: 'TpSetCallbackCleanupGroup': pointer or reference to potentially throwing function passed to 'extern "C"' function under -EHc. Undefined behavior may occur if this function throws an exception.
  (compiling source file 'connection_win.cpp')
  
  discord_register_win.cpp
C:\Program Files (x86)\Windows Kits\10\Include\10.0.22621.0\um\winbase.h(7810,5): warning C5039: 'TpSetCallbackCleanupGroup': pointer or reference to potentially throwing function passed to 'extern "C"' function under -EHc. Undefined behavior may occur if this function throws an exception.
  (compiling source file 'discord_register_win.cpp')
  
  Generating Code...
C:\Program Files (x86)\Windows Kits\10\Include\10.0.22621.0\shared\strsafe.h(5328,1): warning C5045: Compiler will insert Spectre mitigation for memory load if /Qspectre switch specified
C:\Program Files (x86)\Windows Kits\10\Include\10.0.22621.0\shared\strsafe.h(5328,1): warning C5045: C:\Program Files (x86)\Windows Kits\10\Include\10.0.22621.0\shared\strsafe.h(5322) : note: index 'hr' range checked by comparison on this line
C:\Program Files (x86)\Windows Kits\10\Include\10.0.22621.0\shared\strsafe.h(5328,1): warning C5045: C:\Program Files (x86)\Windows Kits\10\Include\10.0.22621.0\shared\strsafe.h(5328) : note: feeds call on this line
C:\Users\Playboy\Downloads\discord-rpc-buttons-master\discord-rpc-buttons-master\thirdparty\rapidjson-1.1.0\include\rapidjson\internal\stack.h(118,1): warning C5045: Compiler will insert Spectre mitigation for memory load if /Qspectre switch specified
C:\Users\Playboy\Downloads\discord-rpc-buttons-master\discord-rpc-buttons-master\thirdparty\rapidjson-1.1.0\include\rapidjson\internal\stack.h(118,1): warning C5045: C:\Users\Playboy\Downloads\discord-rpc-buttons-master\discord-rpc-buttons-master\thirdparty\rapidjson-1.1.0\include\rapidjson\internal\stack.h(117) : note: index '' range checked by comparison on this line
C:\Users\Playboy\Downloads\discord-rpc-buttons-master\discord-rpc-buttons-master\thirdparty\rapidjson-1.1.0\include\rapidjson\internal\stack.h(118,1): warning C5045: C:\Users\Playboy\Downloads\discord-rpc-buttons-master\discord-rpc-buttons-master\thirdparty\rapidjson-1.1.0\include\rapidjson\internal\stack.h(118) : note: feeds call on this line
C:\Users\Playboy\Downloads\discord-rpc-buttons-master\discord-rpc-buttons-master\thirdparty\rapidjson-1.1.0\include\rapidjson\encodings.h(170,1): warning C5045: Compiler will insert Spectre mitigation for memory load if /Qspectre switch specified
C:\Users\Playboy\Downloads\discord-rpc-buttons-master\discord-rpc-buttons-master\thirdparty\rapidjson-1.1.0\include\rapidjson\encodings.h(170,1): warning C5045: C:\Users\Playboy\Downloads\discord-rpc-buttons-master\discord-rpc-buttons-master\thirdparty\rapidjson-1.1.0\include\rapidjson\encodings.h(163) : note: index '' range checked by comparison on this line
C:\Users\Playboy\Downloads\discord-rpc-buttons-master\discord-rpc-buttons-master\thirdparty\rapidjson-1.1.0\include\rapidjson\encodings.h(170,1): warning C5045: C:\Users\Playboy\Downloads\discord-rpc-buttons-master\discord-rpc-buttons-master\thirdparty\rapidjson-1.1.0\include\rapidjson\encodings.h(170) : note: feeds call on this line
C:\Users\Playboy\Downloads\discord-rpc-buttons-master\discord-rpc-buttons-master\thirdparty\rapidjson-1.1.0\include\rapidjson\encodings.h(169,1): warning C5045: Compiler will insert Spectre mitigation for memory load if /Qspectre switch specified
C:\Users\Playboy\Downloads\discord-rpc-buttons-master\discord-rpc-buttons-master\thirdparty\rapidjson-1.1.0\include\rapidjson\encodings.h(169,1): warning C5045: C:\Users\Playboy\Downloads\discord-rpc-buttons-master\discord-rpc-buttons-master\thirdparty\rapidjson-1.1.0\include\rapidjson\encodings.h(163) : note: index '' range checked by comparison on this line
C:\Users\Playboy\Downloads\discord-rpc-buttons-master\discord-rpc-buttons-master\thirdparty\rapidjson-1.1.0\include\rapidjson\encodings.h(169,1): warning C5045: C:\Users\Playboy\Downloads\discord-rpc-buttons-master\discord-rpc-buttons-master\thirdparty\rapidjson-1.1.0\include\rapidjson\encodings.h(169) : note: feeds call on this line
C:\Users\Playboy\Downloads\discord-rpc-buttons-master\discord-rpc-buttons-master\thirdparty\rapidjson-1.1.0\include\rapidjson\encodings.h(168,1): warning C5045: Compiler will insert Spectre mitigation for memory load if /Qspectre switch specified
C:\Users\Playboy\Downloads\discord-rpc-buttons-master\discord-rpc-buttons-master\thirdparty\rapidjson-1.1.0\include\rapidjson\encodings.h(168,1): warning C5045: C:\Users\Playboy\Downloads\discord-rpc-buttons-master\discord-rpc-buttons-master\thirdparty\rapidjson-1.1.0\include\rapidjson\encodings.h(163) : note: index '' range checked by comparison on this line
C:\Users\Playboy\Downloads\discord-rpc-buttons-master\discord-rpc-buttons-master\thirdparty\rapidjson-1.1.0\include\rapidjson\encodings.h(168,1): warning C5045: C:\Users\Playboy\Downloads\discord-rpc-buttons-master\discord-rpc-buttons-master\thirdparty\rapidjson-1.1.0\include\rapidjson\encodings.h(168) : note: feeds call on this line
C:\Users\Playboy\Downloads\discord-rpc-buttons-master\discord-rpc-buttons-master\thirdparty\rapidjson-1.1.0\include\rapidjson\encodings.h(167,1): warning C5045: Compiler will insert Spectre mitigation for memory load if /Qspectre switch specified
C:\Users\Playboy\Downloads\discord-rpc-buttons-master\discord-rpc-buttons-master\thirdparty\rapidjson-1.1.0\include\rapidjson\encodings.h(167,1): warning C5045: C:\Users\Playboy\Downloads\discord-rpc-buttons-master\discord-rpc-buttons-master\thirdparty\rapidjson-1.1.0\include\rapidjson\encodings.h(163) : note: index '' range checked by comparison on this line
C:\Users\Playboy\Downloads\discord-rpc-buttons-master\discord-rpc-buttons-master\thirdparty\rapidjson-1.1.0\include\rapidjson\encodings.h(167,1): warning C5045: C:\Users\Playboy\Downloads\discord-rpc-buttons-master\discord-rpc-buttons-master\thirdparty\rapidjson-1.1.0\include\rapidjson\encodings.h(167) : note: feeds call on this line
C:\Users\Playboy\Downloads\discord-rpc-buttons-master\discord-rpc-buttons-master\thirdparty\rapidjson-1.1.0\include\rapidjson\encodings.h(166,1): warning C5045: Compiler will insert Spectre mitigation for memory load if /Qspectre switch specified
C:\Users\Playboy\Downloads\discord-rpc-buttons-master\discord-rpc-buttons-master\thirdparty\rapidjson-1.1.0\include\rapidjson\encodings.h(166,1): warning C5045: C:\Users\Playboy\Downloads\discord-rpc-buttons-master\discord-rpc-buttons-master\thirdparty\rapidjson-1.1.0\include\rapidjson\encodings.h(163) : note: index '' range checked by comparison on this line
C:\Users\Playboy\Downloads\discord-rpc-buttons-master\discord-rpc-buttons-master\thirdparty\rapidjson-1.1.0\include\rapidjson\encodings.h(166,1): warning C5045: C:\Users\Playboy\Downloads\discord-rpc-buttons-master\discord-rpc-buttons-master\thirdparty\rapidjson-1.1.0\include\rapidjson\encodings.h(166) : note: feeds call on this line
C:\Users\Playboy\Downloads\discord-rpc-buttons-master\discord-rpc-buttons-master\thirdparty\rapidjson-1.1.0\include\rapidjson\encodings.h(165,1): warning C5045: Compiler will insert Spectre mitigation for memory load if /Qspectre switch specified
C:\Users\Playboy\Downloads\discord-rpc-buttons-master\discord-rpc-buttons-master\thirdparty\rapidjson-1.1.0\include\rapidjson\encodings.h(165,1): warning C5045: C:\Users\Playboy\Downloads\discord-rpc-buttons-master\discord-rpc-buttons-master\thirdparty\rapidjson-1.1.0\include\rapidjson\encodings.h(163) : note: index '' range checked by comparison on this line
C:\Users\Playboy\Downloads\discord-rpc-buttons-master\discord-rpc-buttons-master\thirdparty\rapidjson-1.1.0\include\rapidjson\encodings.h(165,1): warning C5045: C:\Users\Playboy\Downloads\discord-rpc-buttons-master\discord-rpc-buttons-master\thirdparty\rapidjson-1.1.0\include\rapidjson\encodings.h(165) : note: feeds call on this line
C:\Users\Playboy\Downloads\discord-rpc-buttons-master\discord-rpc-buttons-master\thirdparty\rapidjson-1.1.0\include\rapidjson\encodings.h(196,1): warning C5045: Compiler will insert Spectre mitigation for memory load if /Qspectre switch specified
C:\Users\Playboy\Downloads\discord-rpc-buttons-master\discord-rpc-buttons-master\thirdparty\rapidjson-1.1.0\include\rapidjson\encodings.h(196,1): warning C5045: C:\Users\Playboy\Downloads\discord-rpc-buttons-master\discord-rpc-buttons-master\thirdparty\rapidjson-1.1.0\include\rapidjson\encodings.h(189) : note: index '' range checked by comparison on this line
C:\Users\Playboy\Downloads\discord-rpc-buttons-master\discord-rpc-buttons-master\thirdparty\rapidjson-1.1.0\include\rapidjson\encodings.h(196,1): warning C5045: C:\Users\Playboy\Downloads\discord-rpc-buttons-master\discord-rpc-buttons-master\thirdparty\rapidjson-1.1.0\include\rapidjson\encodings.h(196) : note: feeds call on this line
C:\Users\Playboy\Downloads\discord-rpc-buttons-master\discord-rpc-buttons-master\thirdparty\rapidjson-1.1.0\include\rapidjson\encodings.h(195,1): warning C5045: Compiler will insert Spectre mitigation for memory load if /Qspectre switch specified
C:\Users\Playboy\Downloads\discord-rpc-buttons-master\discord-rpc-buttons-master\thirdparty\rapidjson-1.1.0\include\rapidjson\encodings.h(195,1): warning C5045: C:\Users\Playboy\Downloads\discord-rpc-buttons-master\discord-rpc-buttons-master\thirdparty\rapidjson-1.1.0\include\rapidjson\encodings.h(189) : note: index '' range checked by comparison on this line
C:\Users\Playboy\Downloads\discord-rpc-buttons-master\discord-rpc-buttons-master\thirdparty\rapidjson-1.1.0\include\rapidjson\encodings.h(195,1): warning C5045: C:\Users\Playboy\Downloads\discord-rpc-buttons-master\discord-rpc-buttons-master\thirdparty\rapidjson-1.1.0\include\rapidjson\encodings.h(195) : note: feeds call on this line
C:\Users\Playboy\Downloads\discord-rpc-buttons-master\discord-rpc-buttons-master\thirdparty\rapidjson-1.1.0\include\rapidjson\encodings.h(194,1): warning C5045: Compiler will insert Spectre mitigation for memory load if /Qspectre switch specified
C:\Users\Playboy\Downloads\discord-rpc-buttons-master\discord-rpc-buttons-master\thirdparty\rapidjson-1.1.0\include\rapidjson\encodings.h(194,1): warning C5045: C:\Users\Playboy\Downloads\discord-rpc-buttons-master\discord-rpc-buttons-master\thirdparty\rapidjson-1.1.0\include\rapidjson\encodings.h(189) : note: index '' range checked by comparison on this line
C:\Users\Playboy\Downloads\discord-rpc-buttons-master\discord-rpc-buttons-master\thirdparty\rapidjson-1.1.0\include\rapidjson\encodings.h(194,1): warning C5045: C:\Users\Playboy\Downloads\discord-rpc-buttons-master\discord-rpc-buttons-master\thirdparty\rapidjson-1.1.0\include\rapidjson\encodings.h(194) : note: feeds call on this line
C:\Users\Playboy\Downloads\discord-rpc-buttons-master\discord-rpc-buttons-master\thirdparty\rapidjson-1.1.0\include\rapidjson\encodings.h(193,1): warning C5045: Compiler will insert Spectre mitigation for memory load if /Qspectre switch specified
C:\Users\Playboy\Downloads\discord-rpc-buttons-master\discord-rpc-buttons-master\thirdparty\rapidjson-1.1.0\include\rapidjson\encodings.h(193,1): warning C5045: C:\Users\Playboy\Downloads\discord-rpc-buttons-master\discord-rpc-buttons-master\thirdparty\rapidjson-1.1.0\include\rapidjson\encodings.h(189) : note: index '' range checked by comparison on this line
C:\Users\Playboy\Downloads\discord-rpc-buttons-master\discord-rpc-buttons-master\thirdparty\rapidjson-1.1.0\include\rapidjson\encodings.h(193,1): warning C5045: C:\Users\Playboy\Downloads\discord-rpc-buttons-master\discord-rpc-buttons-master\thirdparty\rapidjson-1.1.0\include\rapidjson\encodings.h(193) : note: feeds call on this line
C:\Users\Playboy\Downloads\discord-rpc-buttons-master\discord-rpc-buttons-master\thirdparty\rapidjson-1.1.0\include\rapidjson\encodings.h(192,1): warning C5045: Compiler will insert Spectre mitigation for memory load if /Qspectre switch specified
C:\Users\Playboy\Downloads\discord-rpc-buttons-master\discord-rpc-buttons-master\thirdparty\rapidjson-1.1.0\include\rapidjson\encodings.h(192,1): warning C5045: C:\Users\Playboy\Downloads\discord-rpc-buttons-master\discord-rpc-buttons-master\thirdparty\rapidjson-1.1.0\include\rapidjson\encodings.h(189) : note: index '' range checked by comparison on this line
C:\Users\Playboy\Downloads\discord-rpc-buttons-master\discord-rpc-buttons-master\thirdparty\rapidjson-1.1.0\include\rapidjson\encodings.h(192,1): warning C5045: C:\Users\Playboy\Downloads\discord-rpc-buttons-master\discord-rpc-buttons-master\thirdparty\rapidjson-1.1.0\include\rapidjson\encodings.h(192) : note: feeds call on this line
C:\Users\Playboy\Downloads\discord-rpc-buttons-master\discord-rpc-buttons-master\thirdparty\rapidjson-1.1.0\include\rapidjson\encodings.h(191,1): warning C5045: Compiler will insert Spectre mitigation for memory load if /Qspectre switch specified
C:\Users\Playboy\Downloads\discord-rpc-buttons-master\discord-rpc-buttons-master\thirdparty\rapidjson-1.1.0\include\rapidjson\encodings.h(191,1): warning C5045: C:\Users\Playboy\Downloads\discord-rpc-buttons-master\discord-rpc-buttons-master\thirdparty\rapidjson-1.1.0\include\rapidjson\encodings.h(189) : note: index '' range checked by comparison on this line
C:\Users\Playboy\Downloads\discord-rpc-buttons-master\discord-rpc-buttons-master\thirdparty\rapidjson-1.1.0\include\rapidjson\encodings.h(191,1): warning C5045: C:\Users\Playboy\Downloads\discord-rpc-buttons-master\discord-rpc-buttons-master\thirdparty\rapidjson-1.1.0\include\rapidjson\encodings.h(191) : note: feeds call on this line
C:\Users\Playboy\Downloads\discord-rpc-buttons-master\discord-rpc-buttons-master\thirdparty\rapidjson-1.1.0\include\rapidjson\document.h(2384,1): warning C5045: Compiler will insert Spectre mitigation for memory load if /Qspectre switch specified
C:\Users\Playboy\Downloads\discord-rpc-buttons-master\discord-rpc-buttons-master\thirdparty\rapidjson-1.1.0\include\rapidjson\document.h(2384,1): warning C5045: C:\Users\Playboy\Downloads\discord-rpc-buttons-master\discord-rpc-buttons-master\thirdparty\rapidjson-1.1.0\include\rapidjson\document.h(2383) : note: index '' range checked by comparison on this line
C:\Users\Playboy\Downloads\discord-rpc-buttons-master\discord-rpc-buttons-master\thirdparty\rapidjson-1.1.0\include\rapidjson\document.h(2384,1): warning C5045: C:\Users\Playboy\Downloads\discord-rpc-buttons-master\discord-rpc-buttons-master\thirdparty\rapidjson-1.1.0\include\rapidjson\document.h(2384) : note: feeds call on this line
C:\Users\Playboy\Downloads\discord-rpc-buttons-master\discord-rpc-buttons-master\thirdparty\rapidjson-1.1.0\include\rapidjson\reader.h(1399,1): warning C5045: Compiler will insert Spectre mitigation for memory load if /Qspectre switch specified
C:\Users\Playboy\Downloads\discord-rpc-buttons-master\discord-rpc-buttons-master\thirdparty\rapidjson-1.1.0\include\rapidjson\reader.h(1399,1): warning C5045: C:\Users\Playboy\Downloads\discord-rpc-buttons-master\discord-rpc-buttons-master\thirdparty\rapidjson-1.1.0\include\rapidjson\reader.h(1393) : note: index '' range checked by comparison on this line
C:\Users\Playboy\Downloads\discord-rpc-buttons-master\discord-rpc-buttons-master\thirdparty\rapidjson-1.1.0\include\rapidjson\reader.h(1399,1): warning C5045: C:\Users\Playboy\Downloads\discord-rpc-buttons-master\discord-rpc-buttons-master\thirdparty\rapidjson-1.1.0\include\rapidjson\reader.h(1399) : note: feeds call on this line
C:\Users\Playboy\Downloads\discord-rpc-buttons-master\discord-rpc-buttons-master\thirdparty\rapidjson-1.1.0\include\rapidjson\reader.h(1398,1): warning C5045: Compiler will insert Spectre mitigation for memory load if /Qspectre switch specified
C:\Users\Playboy\Downloads\discord-rpc-buttons-master\discord-rpc-buttons-master\thirdparty\rapidjson-1.1.0\include\rapidjson\reader.h(1398,1): warning C5045: C:\Users\Playboy\Downloads\discord-rpc-buttons-master\discord-rpc-buttons-master\thirdparty\rapidjson-1.1.0\include\rapidjson\reader.h(1393) : note: index '' range checked by comparison on this line
C:\Users\Playboy\Downloads\discord-rpc-buttons-master\discord-rpc-buttons-master\thirdparty\rapidjson-1.1.0\include\rapidjson\reader.h(1398,1): warning C5045: C:\Users\Playboy\Downloads\discord-rpc-buttons-master\discord-rpc-buttons-master\thirdparty\rapidjson-1.1.0\include\rapidjson\reader.h(1398) : note: feeds call on this line
C:\Users\Playboy\Downloads\discord-rpc-buttons-master\discord-rpc-buttons-master\thirdparty\rapidjson-1.1.0\include\rapidjson\reader.h(1397,1): warning C5045: Compiler will insert Spectre mitigation for memory load if /Qspectre switch specified
C:\Users\Playboy\Downloads\discord-rpc-buttons-master\discord-rpc-buttons-master\thirdparty\rapidjson-1.1.0\include\rapidjson\reader.h(1397,1): warning C5045: C:\Users\Playboy\Downloads\discord-rpc-buttons-master\discord-rpc-buttons-master\thirdparty\rapidjson-1.1.0\include\rapidjson\reader.h(1393) : note: index '' range checked by comparison on this line
C:\Users\Playboy\Downloads\discord-rpc-buttons-master\discord-rpc-buttons-master\thirdparty\rapidjson-1.1.0\include\rapidjson\reader.h(1397,1): warning C5045: C:\Users\Playboy\Downloads\discord-rpc-buttons-master\discord-rpc-buttons-master\thirdparty\rapidjson-1.1.0\include\rapidjson\reader.h(1397) : note: feeds call on this line
C:\Users\Playboy\Downloads\discord-rpc-buttons-master\discord-rpc-buttons-master\thirdparty\rapidjson-1.1.0\include\rapidjson\reader.h(1396,1): warning C5045: Compiler will insert Spectre mitigation for memory load if /Qspectre switch specified
C:\Users\Playboy\Downloads\discord-rpc-buttons-master\discord-rpc-buttons-master\thirdparty\rapidjson-1.1.0\include\rapidjson\reader.h(1396,1): warning C5045: C:\Users\Playboy\Downloads\discord-rpc-buttons-master\discord-rpc-buttons-master\thirdparty\rapidjson-1.1.0\include\rapidjson\reader.h(1393) : note: index '' range checked by comparison on this line
C:\Users\Playboy\Downloads\discord-rpc-buttons-master\discord-rpc-buttons-master\thirdparty\rapidjson-1.1.0\include\rapidjson\reader.h(1396,1): warning C5045: C:\Users\Playboy\Downloads\discord-rpc-buttons-master\discord-rpc-buttons-master\thirdparty\rapidjson-1.1.0\include\rapidjson\reader.h(1396) : note: feeds call on this line
C:\Users\Playboy\Downloads\discord-rpc-buttons-master\discord-rpc-buttons-master\thirdparty\rapidjson-1.1.0\include\rapidjson\reader.h(1395,1): warning C5045: Compiler will insert Spectre mitigation for memory load if /Qspectre switch specified
C:\Users\Playboy\Downloads\discord-rpc-buttons-master\discord-rpc-buttons-master\thirdparty\rapidjson-1.1.0\include\rapidjson\reader.h(1395,1): warning C5045: C:\Users\Playboy\Downloads\discord-rpc-buttons-master\discord-rpc-buttons-master\thirdparty\rapidjson-1.1.0\include\rapidjson\reader.h(1393) : note: index '' range checked by comparison on this line
C:\Users\Playboy\Downloads\discord-rpc-buttons-master\discord-rpc-buttons-master\thirdparty\rapidjson-1.1.0\include\rapidjson\reader.h(1395,1): warning C5045: C:\Users\Playboy\Downloads\discord-rpc-buttons-master\discord-rpc-buttons-master\thirdparty\rapidjson-1.1.0\include\rapidjson\reader.h(1395) : note: feeds call on this line
C:\Users\Playboy\Downloads\discord-rpc-buttons-master\discord-rpc-buttons-master\thirdparty\rapidjson-1.1.0\include\rapidjson\reader.h(1716,1): warning C5045: Compiler will insert Spectre mitigation for memory load if /Qspectre switch specified
C:\Users\Playboy\Downloads\discord-rpc-buttons-master\discord-rpc-buttons-master\thirdparty\rapidjson-1.1.0\include\rapidjson\reader.h(1716,1): warning C5045: C:\Users\Playboy\Downloads\discord-rpc-buttons-master\discord-rpc-buttons-master\thirdparty\rapidjson-1.1.0\include\rapidjson\reader.h(1652) : note: index '' range checked by comparison on this line
C:\Users\Playboy\Downloads\discord-rpc-buttons-master\discord-rpc-buttons-master\thirdparty\rapidjson-1.1.0\include\rapidjson\reader.h(1716,1): warning C5045: C:\Users\Playboy\Downloads\discord-rpc-buttons-master\discord-rpc-buttons-master\thirdparty\rapidjson-1.1.0\include\rapidjson\reader.h(1716) : note: feeds call on this line
C:\Users\Playboy\Downloads\discord-rpc-buttons-master\discord-rpc-buttons-master\thirdparty\rapidjson-1.1.0\include\rapidjson\reader.h(1679,1): warning C5045: Compiler will insert Spectre mitigation for memory load if /Qspectre switch specified
C:\Users\Playboy\Downloads\discord-rpc-buttons-master\discord-rpc-buttons-master\thirdparty\rapidjson-1.1.0\include\rapidjson\reader.h(1679,1): warning C5045: C:\Users\Playboy\Downloads\discord-rpc-buttons-master\discord-rpc-buttons-master\thirdparty\rapidjson-1.1.0\include\rapidjson\reader.h(1652) : note: index '' range checked by comparison on this line
C:\Users\Playboy\Downloads\discord-rpc-buttons-master\discord-rpc-buttons-master\thirdparty\rapidjson-1.1.0\include\rapidjson\reader.h(1679,1): warning C5045: C:\Users\Playboy\Downloads\discord-rpc-buttons-master\discord-rpc-buttons-master\thirdparty\rapidjson-1.1.0\include\rapidjson\reader.h(1679) : note: feeds call on this line
C:\Users\Playboy\Downloads\discord-rpc-buttons-master\discord-rpc-buttons-master\thirdparty\rapidjson-1.1.0\include\rapidjson\reader.h(899,1): warning C5045: Compiler will insert Spectre mitigation for memory load if /Qspectre switch specified
C:\Users\Playboy\Downloads\discord-rpc-buttons-master\discord-rpc-buttons-master\thirdparty\rapidjson-1.1.0\include\rapidjson\reader.h(899,1): warning C5045: C:\Users\Playboy\Downloads\discord-rpc-buttons-master\discord-rpc-buttons-master\thirdparty\rapidjson-1.1.0\include\rapidjson\reader.h(891) : note: index '' range checked by comparison on this line
C:\Users\Playboy\Downloads\discord-rpc-buttons-master\discord-rpc-buttons-master\thirdparty\rapidjson-1.1.0\include\rapidjson\reader.h(899,1): warning C5045: C:\Users\Playboy\Downloads\discord-rpc-buttons-master\discord-rpc-buttons-master\thirdparty\rapidjson-1.1.0\include\rapidjson\reader.h(899) : note: feeds call on this line
C:\Users\Playboy\Downloads\discord-rpc-buttons-master\discord-rpc-buttons-master\thirdparty\rapidjson-1.1.0\include\rapidjson\reader.h(898,1): warning C5045: Compiler will insert Spectre mitigation for memory load if /Qspectre switch specified
C:\Users\Playboy\Downloads\discord-rpc-buttons-master\discord-rpc-buttons-master\thirdparty\rapidjson-1.1.0\include\rapidjson\reader.h(898,1): warning C5045: C:\Users\Playboy\Downloads\discord-rpc-buttons-master\discord-rpc-buttons-master\thirdparty\rapidjson-1.1.0\include\rapidjson\reader.h(891) : note: index '' range checked by comparison on this line
C:\Users\Playboy\Downloads\discord-rpc-buttons-master\discord-rpc-buttons-master\thirdparty\rapidjson-1.1.0\include\rapidjson\reader.h(898,1): warning C5045: C:\Users\Playboy\Downloads\discord-rpc-buttons-master\discord-rpc-buttons-master\thirdparty\rapidjson-1.1.0\include\rapidjson\reader.h(898) : note: feeds call on this line
C:\Users\Playboy\Downloads\discord-rpc-buttons-master\discord-rpc-buttons-master\thirdparty\rapidjson-1.1.0\include\rapidjson\reader.h(873,1): warning C5045: Compiler will insert Spectre mitigation for memory load if /Qspectre switch specified
C:\Users\Playboy\Downloads\discord-rpc-buttons-master\discord-rpc-buttons-master\thirdparty\rapidjson-1.1.0\include\rapidjson\reader.h(873,1): warning C5045: C:\Users\Playboy\Downloads\discord-rpc-buttons-master\discord-rpc-buttons-master\thirdparty\rapidjson-1.1.0\include\rapidjson\reader.h(871) : note: index 'codepoint' range checked by comparison on this line
C:\Users\Playboy\Downloads\discord-rpc-buttons-master\discord-rpc-buttons-master\thirdparty\rapidjson-1.1.0\include\rapidjson\reader.h(873,1): warning C5045: C:\Users\Playboy\Downloads\discord-rpc-buttons-master\discord-rpc-buttons-master\thirdparty\rapidjson-1.1.0\include\rapidjson\reader.h(873) : note: feeds call on this line
C:\Users\Playboy\Downloads\discord-rpc-buttons-master\discord-rpc-buttons-master\thirdparty\rapidjson-1.1.0\include\rapidjson\internal\stack.h(118,1): warning C5045: Compiler will insert Spectre mitigation for memory load if /Qspectre switch specified
C:\Users\Playboy\Downloads\discord-rpc-buttons-master\discord-rpc-buttons-master\thirdparty\rapidjson-1.1.0\include\rapidjson\internal\stack.h(118,1): warning C5045: C:\Users\Playboy\Downloads\discord-rpc-buttons-master\discord-rpc-buttons-master\thirdparty\rapidjson-1.1.0\include\rapidjson\internal\stack.h(117) : note: index '' range checked by comparison on this line
C:\Users\Playboy\Downloads\discord-rpc-buttons-master\discord-rpc-buttons-master\thirdparty\rapidjson-1.1.0\include\rapidjson\internal\stack.h(118,1): warning C5045: C:\Users\Playboy\Downloads\discord-rpc-buttons-master\discord-rpc-buttons-master\thirdparty\rapidjson-1.1.0\include\rapidjson\internal\stack.h(118) : note: feeds call on this line
C:\Users\Playboy\Downloads\discord-rpc-buttons-master\discord-rpc-buttons-master\thirdparty\rapidjson-1.1.0\include\rapidjson\reader.h(773,1): warning C5045: Compiler will insert Spectre mitigation for memory load if /Qspectre switch specified
C:\Users\Playboy\Downloads\discord-rpc-buttons-master\discord-rpc-buttons-master\thirdparty\rapidjson-1.1.0\include\rapidjson\reader.h(773,1): warning C5045: C:\Users\Playboy\Downloads\discord-rpc-buttons-master\discord-rpc-buttons-master\thirdparty\rapidjson-1.1.0\include\rapidjson\reader.h(757) : note: index 'i' range checked by comparison on this line
C:\Users\Playboy\Downloads\discord-rpc-buttons-master\discord-rpc-buttons-master\thirdparty\rapidjson-1.1.0\include\rapidjson\reader.h(773,1): warning C5045: C:\Users\Playboy\Downloads\discord-rpc-buttons-master\discord-rpc-buttons-master\thirdparty\rapidjson-1.1.0\include\rapidjson\reader.h(773) : note: feeds call on this line
C:\Users\Playboy\Downloads\discord-rpc-buttons-master\discord-rpc-buttons-master\thirdparty\rapidjson-1.1.0\include\rapidjson\encodings.h(119,1): warning C5045: Compiler will insert Spectre mitigation for memory load if /Qspectre switch specified
C:\Users\Playboy\Downloads\discord-rpc-buttons-master\discord-rpc-buttons-master\thirdparty\rapidjson-1.1.0\include\rapidjson\encodings.h(119,1): warning C5045: C:\Users\Playboy\Downloads\discord-rpc-buttons-master\discord-rpc-buttons-master\thirdparty\rapidjson-1.1.0\include\rapidjson\encodings.h(109) : note: index 'codepoint' range checked by comparison on this line
C:\Users\Playboy\Downloads\discord-rpc-buttons-master\discord-rpc-buttons-master\thirdparty\rapidjson-1.1.0\include\rapidjson\encodings.h(119,1): warning C5045: C:\Users\Playboy\Downloads\discord-rpc-buttons-master\discord-rpc-buttons-master\thirdparty\rapidjson-1.1.0\include\rapidjson\encodings.h(119) : note: feeds call on this line
C:\Users\Playboy\Downloads\discord-rpc-buttons-master\discord-rpc-buttons-master\thirdparty\rapidjson-1.1.0\include\rapidjson\encodings.h(112,1): warning C5045: Compiler will insert Spectre mitigation for memory load if /Qspectre switch specified
C:\Users\Playboy\Downloads\discord-rpc-buttons-master\discord-rpc-buttons-master\thirdparty\rapidjson-1.1.0\include\rapidjson\encodings.h(112,1): warning C5045: C:\Users\Playboy\Downloads\discord-rpc-buttons-master\discord-rpc-buttons-master\thirdparty\rapidjson-1.1.0\include\rapidjson\encodings.h(109) : note: index 'codepoint' range checked by comparison on this line
C:\Users\Playboy\Downloads\discord-rpc-buttons-master\discord-rpc-buttons-master\thirdparty\rapidjson-1.1.0\include\rapidjson\encodings.h(112,1): warning C5045: C:\Users\Playboy\Downloads\discord-rpc-buttons-master\discord-rpc-buttons-master\thirdparty\rapidjson-1.1.0\include\rapidjson\encodings.h(112) : note: feeds call on this line
C:\Users\Playboy\Downloads\discord-rpc-buttons-master\discord-rpc-buttons-master\thirdparty\rapidjson-1.1.0\include\rapidjson\encodings.h(107,1): warning C5045: Compiler will insert Spectre mitigation for memory load if /Qspectre switch specified
C:\Users\Playboy\Downloads\discord-rpc-buttons-master\discord-rpc-buttons-master\thirdparty\rapidjson-1.1.0\include\rapidjson\encodings.h(107,1): warning C5045: C:\Users\Playboy\Downloads\discord-rpc-buttons-master\discord-rpc-buttons-master\thirdparty\rapidjson-1.1.0\include\rapidjson\encodings.h(105) : note: index 'codepoint' range checked by comparison on this line
C:\Users\Playboy\Downloads\discord-rpc-buttons-master\discord-rpc-buttons-master\thirdparty\rapidjson-1.1.0\include\rapidjson\encodings.h(107,1): warning C5045: C:\Users\Playboy\Downloads\discord-rpc-buttons-master\discord-rpc-buttons-master\thirdparty\rapidjson-1.1.0\include\rapidjson\encodings.h(107) : note: feeds call on this line
C:\Users\Playboy\Downloads\discord-rpc-buttons-master\discord-rpc-buttons-master\thirdparty\rapidjson-1.1.0\include\rapidjson\encodings.h(104,1): warning C5045: Compiler will insert Spectre mitigation for memory load if /Qspectre switch specified
C:\Users\Playboy\Downloads\discord-rpc-buttons-master\discord-rpc-buttons-master\thirdparty\rapidjson-1.1.0\include\rapidjson\encodings.h(104,1): warning C5045: C:\Users\Playboy\Downloads\discord-rpc-buttons-master\discord-rpc-buttons-master\thirdparty\rapidjson-1.1.0\include\rapidjson\encodings.h(103) : note: index 'codepoint' range checked by comparison on this line
C:\Users\Playboy\Downloads\discord-rpc-buttons-master\discord-rpc-buttons-master\thirdparty\rapidjson-1.1.0\include\rapidjson\encodings.h(104,1): warning C5045: C:\Users\Playboy\Downloads\discord-rpc-buttons-master\discord-rpc-buttons-master\thirdparty\rapidjson-1.1.0\include\rapidjson\encodings.h(104) : note: feeds call on this line
C:\Users\Playboy\Downloads\discord-rpc-buttons-master\discord-rpc-buttons-master\thirdparty\rapidjson-1.1.0\include\rapidjson\encodings.h(196,1): warning C5045: Compiler will insert Spectre mitigation for memory load if /Qspectre switch specified
C:\Users\Playboy\Downloads\discord-rpc-buttons-master\discord-rpc-buttons-master\thirdparty\rapidjson-1.1.0\include\rapidjson\encodings.h(196,1): warning C5045: C:\Users\Playboy\Downloads\discord-rpc-buttons-master\discord-rpc-buttons-master\thirdparty\rapidjson-1.1.0\include\rapidjson\encodings.h(189) : note: index '' range checked by comparison on this line
C:\Users\Playboy\Downloads\discord-rpc-buttons-master\discord-rpc-buttons-master\thirdparty\rapidjson-1.1.0\include\rapidjson\encodings.h(196,1): warning C5045: C:\Users\Playboy\Downloads\discord-rpc-buttons-master\discord-rpc-buttons-master\thirdparty\rapidjson-1.1.0\include\rapidjson\encodings.h(196) : note: feeds call on this line
C:\Users\Playboy\Downloads\discord-rpc-buttons-master\discord-rpc-buttons-master\thirdparty\rapidjson-1.1.0\include\rapidjson\encodings.h(195,1): warning C5045: Compiler will insert Spectre mitigation for memory load if /Qspectre switch specified
C:\Users\Playboy\Downloads\discord-rpc-buttons-master\discord-rpc-buttons-master\thirdparty\rapidjson-1.1.0\include\rapidjson\encodings.h(195,1): warning C5045: C:\Users\Playboy\Downloads\discord-rpc-buttons-master\discord-rpc-buttons-master\thirdparty\rapidjson-1.1.0\include\rapidjson\encodings.h(189) : note: index '' range checked by comparison on this line
C:\Users\Playboy\Downloads\discord-rpc-buttons-master\discord-rpc-buttons-master\thirdparty\rapidjson-1.1.0\include\rapidjson\encodings.h(195,1): warning C5045: C:\Users\Playboy\Downloads\discord-rpc-buttons-master\discord-rpc-buttons-master\thirdparty\rapidjson-1.1.0\include\rapidjson\encodings.h(195) : note: feeds call on this line
C:\Users\Playboy\Downloads\discord-rpc-buttons-master\discord-rpc-buttons-master\thirdparty\rapidjson-1.1.0\include\rapidjson\encodings.h(194,1): warning C5045: Compiler will insert Spectre mitigation for memory load if /Qspectre switch specified
C:\Users\Playboy\Downloads\discord-rpc-buttons-master\discord-rpc-buttons-master\thirdparty\rapidjson-1.1.0\include\rapidjson\encodings.h(194,1): warning C5045: C:\Users\Playboy\Downloads\discord-rpc-buttons-master\discord-rpc-buttons-master\thirdparty\rapidjson-1.1.0\include\rapidjson\encodings.h(189) : note: index '' range checked by comparison on this line
C:\Users\Playboy\Downloads\discord-rpc-buttons-master\discord-rpc-buttons-master\thirdparty\rapidjson-1.1.0\include\rapidjson\encodings.h(194,1): warning C5045: C:\Users\Playboy\Downloads\discord-rpc-buttons-master\discord-rpc-buttons-master\thirdparty\rapidjson-1.1.0\include\rapidjson\encodings.h(194) : note: feeds call on this line
C:\Users\Playboy\Downloads\discord-rpc-buttons-master\discord-rpc-buttons-master\thirdparty\rapidjson-1.1.0\include\rapidjson\encodings.h(193,1): warning C5045: Compiler will insert Spectre mitigation for memory load if /Qspectre switch specified
C:\Users\Playboy\Downloads\discord-rpc-buttons-master\discord-rpc-buttons-master\thirdparty\rapidjson-1.1.0\include\rapidjson\encodings.h(193,1): warning C5045: C:\Users\Playboy\Downloads\discord-rpc-buttons-master\discord-rpc-buttons-master\thirdparty\rapidjson-1.1.0\include\rapidjson\encodings.h(189) : note: index '' range checked by comparison on this line
C:\Users\Playboy\Downloads\discord-rpc-buttons-master\discord-rpc-buttons-master\thirdparty\rapidjson-1.1.0\include\rapidjson\encodings.h(193,1): warning C5045: C:\Users\Playboy\Downloads\discord-rpc-buttons-master\discord-rpc-buttons-master\thirdparty\rapidjson-1.1.0\include\rapidjson\encodings.h(193) : note: feeds call on this line
C:\Users\Playboy\Downloads\discord-rpc-buttons-master\discord-rpc-buttons-master\thirdparty\rapidjson-1.1.0\include\rapidjson\encodings.h(192,1): warning C5045: Compiler will insert Spectre mitigation for memory load if /Qspectre switch specified
C:\Users\Playboy\Downloads\discord-rpc-buttons-master\discord-rpc-buttons-master\thirdparty\rapidjson-1.1.0\include\rapidjson\encodings.h(192,1): warning C5045: C:\Users\Playboy\Downloads\discord-rpc-buttons-master\discord-rpc-buttons-master\thirdparty\rapidjson-1.1.0\include\rapidjson\encodings.h(189) : note: index '' range checked by comparison on this line
C:\Users\Playboy\Downloads\discord-rpc-buttons-master\discord-rpc-buttons-master\thirdparty\rapidjson-1.1.0\include\rapidjson\encodings.h(192,1): warning C5045: C:\Users\Playboy\Downloads\discord-rpc-buttons-master\discord-rpc-buttons-master\thirdparty\rapidjson-1.1.0\include\rapidjson\encodings.h(192) : note: feeds call on this line
C:\Users\Playboy\Downloads\discord-rpc-buttons-master\discord-rpc-buttons-master\thirdparty\rapidjson-1.1.0\include\rapidjson\encodings.h(191,1): warning C5045: Compiler will insert Spectre mitigation for memory load if /Qspectre switch specified
C:\Users\Playboy\Downloads\discord-rpc-buttons-master\discord-rpc-buttons-master\thirdparty\rapidjson-1.1.0\include\rapidjson\encodings.h(191,1): warning C5045: C:\Users\Playboy\Downloads\discord-rpc-buttons-master\discord-rpc-buttons-master\thirdparty\rapidjson-1.1.0\include\rapidjson\encodings.h(189) : note: index '' range checked by comparison on this line
C:\Users\Playboy\Downloads\discord-rpc-buttons-master\discord-rpc-buttons-master\thirdparty\rapidjson-1.1.0\include\rapidjson\encodings.h(191,1): warning C5045: C:\Users\Playboy\Downloads\discord-rpc-buttons-master\discord-rpc-buttons-master\thirdparty\rapidjson-1.1.0\include\rapidjson\encodings.h(191) : note: feeds call on this line
C:\Users\Playboy\Downloads\discord-rpc-buttons-master\discord-rpc-buttons-master\thirdparty\rapidjson-1.1.0\include\rapidjson\internal\strtod.h(42,1): warning C5045: Compiler will insert Spectre mitigation for memory load if /Qspectre switch specified
C:\Users\Playboy\Downloads\discord-rpc-buttons-master\discord-rpc-buttons-master\thirdparty\rapidjson-1.1.0\include\rapidjson\internal\strtod.h(42,1): warning C5045: C:\Users\Playboy\Downloads\discord-rpc-buttons-master\discord-rpc-buttons-master\thirdparty\rapidjson-1.1.0\include\rapidjson\internal\strtod.h(36) : note: index 'p' range checked by comparison on this line
C:\Users\Playboy\Downloads\discord-rpc-buttons-master\discord-rpc-buttons-master\thirdparty\rapidjson-1.1.0\include\rapidjson\internal\strtod.h(42,1): warning C5045: C:\Users\Playboy\Downloads\discord-rpc-buttons-master\discord-rpc-buttons-master\thirdparty\rapidjson-1.1.0\include\rapidjson\internal\strtod.h(42) : note: feeds call on this line
C:\Users\Playboy\Downloads\discord-rpc-buttons-master\discord-rpc-buttons-master\thirdparty\rapidjson-1.1.0\include\rapidjson\internal\strtod.h(39,1): warning C5045: Compiler will insert Spectre mitigation for memory load if /Qspectre switch specified
C:\Users\Playboy\Downloads\discord-rpc-buttons-master\discord-rpc-buttons-master\thirdparty\rapidjson-1.1.0\include\rapidjson\internal\strtod.h(39,1): warning C5045: C:\Users\Playboy\Downloads\discord-rpc-buttons-master\discord-rpc-buttons-master\thirdparty\rapidjson-1.1.0\include\rapidjson\internal\strtod.h(36) : note: index 'p' range checked by comparison on this line
C:\Users\Playboy\Downloads\discord-rpc-buttons-master\discord-rpc-buttons-master\thirdparty\rapidjson-1.1.0\include\rapidjson\internal\strtod.h(39,1): warning C5045: C:\Users\Playboy\Downloads\discord-rpc-buttons-master\discord-rpc-buttons-master\thirdparty\rapidjson-1.1.0\include\rapidjson\internal\strtod.h(39) : note: feeds call on this line
C:\Users\Playboy\Downloads\discord-rpc-buttons-master\discord-rpc-buttons-master\thirdparty\rapidjson-1.1.0\include\rapidjson\internal\strtod.h(32,1): warning C5045: Compiler will insert Spectre mitigation for memory load if /Qspectre switch specified
C:\Users\Playboy\Downloads\discord-rpc-buttons-master\discord-rpc-buttons-master\thirdparty\rapidjson-1.1.0\include\rapidjson\internal\strtod.h(32,1): warning C5045: C:\Users\Playboy\Downloads\discord-rpc-buttons-master\discord-rpc-buttons-master\thirdparty\rapidjson-1.1.0\include\rapidjson\internal\strtod.h(29) : note: index 'exp' range checked by comparison on this line
C:\Users\Playboy\Downloads\discord-rpc-buttons-master\discord-rpc-buttons-master\thirdparty\rapidjson-1.1.0\include\rapidjson\internal\strtod.h(32,1): warning C5045: C:\Users\Playboy\Downloads\discord-rpc-buttons-master\discord-rpc-buttons-master\thirdparty\rapidjson-1.1.0\include\rapidjson\internal\strtod.h(32) : note: feeds call on this line
C:\Users\Playboy\Downloads\discord-rpc-buttons-master\discord-rpc-buttons-master\thirdparty\rapidjson-1.1.0\include\rapidjson\internal\strtod.h(30,1): warning C5045: Compiler will insert Spectre mitigation for memory load if /Qspectre switch specified
C:\Users\Playboy\Downloads\discord-rpc-buttons-master\discord-rpc-buttons-master\thirdparty\rapidjson-1.1.0\include\rapidjson\internal\strtod.h(30,1): warning C5045: C:\Users\Playboy\Downloads\discord-rpc-buttons-master\discord-rpc-buttons-master\thirdparty\rapidjson-1.1.0\include\rapidjson\internal\strtod.h(29) : note: index 'exp' range checked by comparison on this line
C:\Users\Playboy\Downloads\discord-rpc-buttons-master\discord-rpc-buttons-master\thirdparty\rapidjson-1.1.0\include\rapidjson\internal\strtod.h(30,1): warning C5045: C:\Users\Playboy\Downloads\discord-rpc-buttons-master\discord-rpc-buttons-master\thirdparty\rapidjson-1.1.0\include\rapidjson\internal\strtod.h(30) : note: feeds call on this line
C:\Users\Playboy\Downloads\discord-rpc-buttons-master\discord-rpc-buttons-master\thirdparty\rapidjson-1.1.0\include\rapidjson\internal\strtod.h(121,1): warning C5045: Compiler will insert Spectre mitigation for memory load if /Qspectre switch specified
C:\Users\Playboy\Downloads\discord-rpc-buttons-master\discord-rpc-buttons-master\thirdparty\rapidjson-1.1.0\include\rapidjson\internal\strtod.h(121,1): warning C5045: C:\Users\Playboy\Downloads\discord-rpc-buttons-master\discord-rpc-buttons-master\thirdparty\rapidjson-1.1.0\include\rapidjson\internal\strtod.h(120) : note: index 'd' range checked by comparison on this line
C:\Users\Playboy\Downloads\discord-rpc-buttons-master\discord-rpc-buttons-master\thirdparty\rapidjson-1.1.0\include\rapidjson\internal\strtod.h(121,1): warning C5045: C:\Users\Playboy\Downloads\discord-rpc-buttons-master\discord-rpc-buttons-master\thirdparty\rapidjson-1.1.0\include\rapidjson\internal\strtod.h(121) : note: feeds call on this line
C:\Users\Playboy\Downloads\discord-rpc-buttons-master\discord-rpc-buttons-master\thirdparty\rapidjson-1.1.0\include\rapidjson\internal\strtod.h(116,1): warning C5045: Compiler will insert Spectre mitigation for memory load if /Qspectre switch specified
C:\Users\Playboy\Downloads\discord-rpc-buttons-master\discord-rpc-buttons-master\thirdparty\rapidjson-1.1.0\include\rapidjson\internal\strtod.h(116,1): warning C5045: C:\Users\Playboy\Downloads\discord-rpc-buttons-master\discord-rpc-buttons-master\thirdparty\rapidjson-1.1.0\include\rapidjson\internal\strtod.h(114) : note: index 'p' range checked by comparison on this line
C:\Users\Playboy\Downloads\discord-rpc-buttons-master\discord-rpc-buttons-master\thirdparty\rapidjson-1.1.0\include\rapidjson\internal\strtod.h(116,1): warning C5045: C:\Users\Playboy\Downloads\discord-rpc-buttons-master\discord-rpc-buttons-master\thirdparty\rapidjson-1.1.0\include\rapidjson\internal\strtod.h(116) : note: feeds call on this line
C:\Users\Playboy\Downloads\discord-rpc-buttons-master\discord-rpc-buttons-master\thirdparty\rapidjson-1.1.0\include\rapidjson\internal\biginteger.h(52,1): warning C5045: Compiler will insert Spectre mitigation for memory load if /Qspectre switch specified
C:\Users\Playboy\Downloads\discord-rpc-buttons-master\discord-rpc-buttons-master\thirdparty\rapidjson-1.1.0\include\rapidjson\internal\biginteger.h(52,1): warning C5045: C:\Users\Playboy\Downloads\discord-rpc-buttons-master\discord-rpc-buttons-master\thirdparty\rapidjson-1.1.0\include\rapidjson\internal\biginteger.h(51) : note: index 'length' range checked by comparison on this line
C:\Users\Playboy\Downloads\discord-rpc-buttons-master\discord-rpc-buttons-master\thirdparty\rapidjson-1.1.0\include\rapidjson\internal\biginteger.h(52,1): warning C5045: C:\Users\Playboy\Downloads\discord-rpc-buttons-master\discord-rpc-buttons-master\thirdparty\rapidjson-1.1.0\include\rapidjson\internal\biginteger.h(52) : note: feeds call on this line
C:\Users\Playboy\Downloads\discord-rpc-buttons-master\discord-rpc-buttons-master\thirdparty\rapidjson-1.1.0\include\rapidjson\internal\biginteger.h(180,1): warning C5045: Compiler will insert Spectre mitigation for memory load if /Qspectre switch specified
C:\Users\Playboy\Downloads\discord-rpc-buttons-master\discord-rpc-buttons-master\thirdparty\rapidjson-1.1.0\include\rapidjson\internal\biginteger.h(180,1): warning C5045: C:\Users\Playboy\Downloads\discord-rpc-buttons-master\discord-rpc-buttons-master\thirdparty\rapidjson-1.1.0\include\rapidjson\internal\biginteger.h(180) : note: index 'exp' range checked by comparison on this line
C:\Users\Playboy\Downloads\discord-rpc-buttons-master\discord-rpc-buttons-master\thirdparty\rapidjson-1.1.0\include\rapidjson\internal\biginteger.h(180,1): warning C5045: C:\Users\Playboy\Downloads\discord-rpc-buttons-master\discord-rpc-buttons-master\thirdparty\rapidjson-1.1.0\include\rapidjson\internal\biginteger.h(180) : note: feeds call on this line
C:\Users\Playboy\Downloads\discord-rpc-buttons-master\discord-rpc-buttons-master\thirdparty\rapidjson-1.1.0\include\rapidjson\internal\biginteger.h(100,1): warning C5045: Compiler will insert Spectre mitigation for memory load if /Qspectre switch specified
C:\Users\Playboy\Downloads\discord-rpc-buttons-master\discord-rpc-buttons-master\thirdparty\rapidjson-1.1.0\include\rapidjson\internal\biginteger.h(100,1): warning C5045: C:\Users\Playboy\Downloads\discord-rpc-buttons-master\discord-rpc-buttons-master\thirdparty\rapidjson-1.1.0\include\rapidjson\internal\biginteger.h(99) : note: index 'k' range checked by comparison on this line
C:\Users\Playboy\Downloads\discord-rpc-buttons-master\discord-rpc-buttons-master\thirdparty\rapidjson-1.1.0\include\rapidjson\internal\biginteger.h(100,1): warning C5045: C:\Users\Playboy\Downloads\discord-rpc-buttons-master\discord-rpc-buttons-master\thirdparty\rapidjson-1.1.0\include\rapidjson\internal\biginteger.h(100) : note: feeds call on this line
C:\Users\Playboy\Downloads\discord-rpc-buttons-master\discord-rpc-buttons-master\thirdparty\rapidjson-1.1.0\include\rapidjson\internal\biginteger.h(95,1): warning C5045: Compiler will insert Spectre mitigation for memory load if /Qspectre switch specified
C:\Users\Playboy\Downloads\discord-rpc-buttons-master\discord-rpc-buttons-master\thirdparty\rapidjson-1.1.0\include\rapidjson\internal\biginteger.h(95,1): warning C5045: C:\Users\Playboy\Downloads\discord-rpc-buttons-master\discord-rpc-buttons-master\thirdparty\rapidjson-1.1.0\include\rapidjson\internal\biginteger.h(93) : note: index 'i' range checked by comparison on this line
C:\Users\Playboy\Downloads\discord-rpc-buttons-master\discord-rpc-buttons-master\thirdparty\rapidjson-1.1.0\include\rapidjson\internal\biginteger.h(95,1): warning C5045: C:\Users\Playboy\Downloads\discord-rpc-buttons-master\discord-rpc-buttons-master\thirdparty\rapidjson-1.1.0\include\rapidjson\internal\biginteger.h(95) : note: feeds call on this line
C:\Users\Playboy\Downloads\discord-rpc-buttons-master\discord-rpc-buttons-master\thirdparty\rapidjson-1.1.0\include\rapidjson\internal\biginteger.h(123,1): warning C5045: Compiler will insert Spectre mitigation for memory load if /Qspectre switch specified
C:\Users\Playboy\Downloads\discord-rpc-buttons-master\discord-rpc-buttons-master\thirdparty\rapidjson-1.1.0\include\rapidjson\internal\biginteger.h(123,1): warning C5045: C:\Users\Playboy\Downloads\discord-rpc-buttons-master\discord-rpc-buttons-master\thirdparty\rapidjson-1.1.0\include\rapidjson\internal\biginteger.h(122) : note: index 'k' range checked by comparison on this line
C:\Users\Playboy\Downloads\discord-rpc-buttons-master\discord-rpc-buttons-master\thirdparty\rapidjson-1.1.0\include\rapidjson\internal\biginteger.h(123,1): warning C5045: C:\Users\Playboy\Downloads\discord-rpc-buttons-master\discord-rpc-buttons-master\thirdparty\rapidjson-1.1.0\include\rapidjson\internal\biginteger.h(123) : note: feeds call on this line
C:\Users\Playboy\Downloads\discord-rpc-buttons-master\discord-rpc-buttons-master\thirdparty\rapidjson-1.1.0\include\rapidjson\internal\ieee754.h(57,1): warning C5045: Compiler will insert Spectre mitigation for memory load if /Qspectre switch specified
C:\Users\Playboy\Downloads\discord-rpc-buttons-master\discord-rpc-buttons-master\thirdparty\rapidjson-1.1.0\include\rapidjson\internal\ieee754.h(57,1): warning C5045: C:\Users\Playboy\Downloads\discord-rpc-buttons-master\discord-rpc-buttons-master\thirdparty\rapidjson-1.1.0\include\rapidjson\internal\ieee754.h(54) : note: index 'order' range checked by comparison on this line
C:\Users\Playboy\Downloads\discord-rpc-buttons-master\discord-rpc-buttons-master\thirdparty\rapidjson-1.1.0\include\rapidjson\internal\ieee754.h(57,1): warning C5045: C:\Users\Playboy\Downloads\discord-rpc-buttons-master\discord-rpc-buttons-master\thirdparty\rapidjson-1.1.0\include\rapidjson\internal\ieee754.h(57) : note: feeds call on this line
  discord-rpc.vcxproj -> C:\Users\Playboy\Downloads\discord-rpc-buttons-master\discord-rpc-buttons-master\src\Debug\discord-rpcd.lib
